<?xml version="1.0" encoding="UTF-8"?>
<!-- Generated by org.testng.reporters.JUnitXMLReporter -->
<testsuite ignored="0" hostname="LAPTOP-MTU0R4K6" failures="0" tests="5" name="Test" time="52.59" errors="0" timestamp="2024-04-29T08:16:11 IST">
  <testcase classname="basics.BasicElementsOp" name="emailFormAlter" time="5.696"/>
  <testcase classname="basics.BasicElementsOp" name="getAlertText" time="3.719"/>
  <testcase classname="basics.BasicElementsOp" name="handleAlert" time="4.235"/>
  <testcase classname="basics.BasicElementsOp" name="javaScriptConformationAlert" time="4.349"/>
  <testcase classname="basics.BasicElementsOp" name="javaScriptPromtAlert" time="8.477"/>
</testsuite> <!-- Test -->
