<?xml version="1.0" encoding="UTF-8"?>
<testng-results ignored="0" total="5" passed="5" failed="0" skipped="0">
  <reporter-output>
  </reporter-output>
  <suite started-at="2024-04-29T08:15:19 IST" name="Suite" finished-at="2024-04-29T08:16:11 IST" duration-ms="52590">
    <groups>
    </groups>
    <test started-at="2024-04-29T08:15:19 IST" name="Test" finished-at="2024-04-29T08:16:11 IST" duration-ms="52590">
      <class name="basics.BasicElementsOp">
        <test-method is-config="true" signature="start()[pri:0, instance:basics.BasicElementsOp@291ae]" started-at="2024-04-29T08:15:19 IST" name="start" finished-at="2024-04-29T08:15:25 IST" duration-ms="6081" status="PASS">
          <reporter-output>
          </reporter-output>
        </test-method> <!-- start -->
        <test-method signature="emailFormAlter()[pri:0, instance:basics.BasicElementsOp@291ae]" started-at="2024-04-29T08:15:25 IST" name="emailFormAlter" finished-at="2024-04-29T08:15:30 IST" duration-ms="5696" status="PASS">
          <reporter-output>
          </reporter-output>
        </test-method> <!-- emailFormAlter -->
        <test-method is-config="true" signature="start()[pri:0, instance:basics.BasicElementsOp@291ae]" started-at="2024-04-29T08:15:30 IST" name="start" finished-at="2024-04-29T08:15:35 IST" duration-ms="4982" status="PASS">
          <reporter-output>
          </reporter-output>
        </test-method> <!-- start -->
        <test-method is-config="true" signature="tearDonw()[pri:0, instance:basics.BasicElementsOp@291ae]" started-at="2024-04-29T08:15:30 IST" name="tearDonw" finished-at="2024-04-29T08:15:30 IST" duration-ms="0" status="PASS">
          <reporter-output>
          </reporter-output>
        </test-method> <!-- tearDonw -->
        <test-method signature="getAlertText()[pri:0, instance:basics.BasicElementsOp@291ae]" started-at="2024-04-29T08:15:35 IST" name="getAlertText" finished-at="2024-04-29T08:15:39 IST" duration-ms="3719" status="PASS">
          <reporter-output>
          </reporter-output>
        </test-method> <!-- getAlertText -->
        <test-method is-config="true" signature="tearDonw()[pri:0, instance:basics.BasicElementsOp@291ae]" started-at="2024-04-29T08:15:39 IST" name="tearDonw" finished-at="2024-04-29T08:15:39 IST" duration-ms="0" status="PASS">
          <reporter-output>
          </reporter-output>
        </test-method> <!-- tearDonw -->
        <test-method is-config="true" signature="start()[pri:0, instance:basics.BasicElementsOp@291ae]" started-at="2024-04-29T08:15:39 IST" name="start" finished-at="2024-04-29T08:15:44 IST" duration-ms="4889" status="PASS">
          <reporter-output>
          </reporter-output>
        </test-method> <!-- start -->
        <test-method signature="handleAlert()[pri:0, instance:basics.BasicElementsOp@291ae]" started-at="2024-04-29T08:15:44 IST" name="handleAlert" finished-at="2024-04-29T08:15:48 IST" duration-ms="4235" status="PASS">
          <reporter-output>
          </reporter-output>
        </test-method> <!-- handleAlert -->
        <test-method is-config="true" signature="tearDonw()[pri:0, instance:basics.BasicElementsOp@291ae]" started-at="2024-04-29T08:15:48 IST" name="tearDonw" finished-at="2024-04-29T08:15:48 IST" duration-ms="1" status="PASS">
          <reporter-output>
          </reporter-output>
        </test-method> <!-- tearDonw -->
        <test-method is-config="true" signature="start()[pri:0, instance:basics.BasicElementsOp@291ae]" started-at="2024-04-29T08:15:48 IST" name="start" finished-at="2024-04-29T08:15:53 IST" duration-ms="5181" status="PASS">
          <reporter-output>
          </reporter-output>
        </test-method> <!-- start -->
        <test-method signature="javaScriptConformationAlert()[pri:0, instance:basics.BasicElementsOp@291ae]" started-at="2024-04-29T08:15:53 IST" name="javaScriptConformationAlert" finished-at="2024-04-29T08:15:58 IST" duration-ms="4349" status="PASS">
          <reporter-output>
          </reporter-output>
        </test-method> <!-- javaScriptConformationAlert -->
        <test-method is-config="true" signature="tearDonw()[pri:0, instance:basics.BasicElementsOp@291ae]" started-at="2024-04-29T08:15:58 IST" name="tearDonw" finished-at="2024-04-29T08:15:58 IST" duration-ms="1" status="PASS">
          <reporter-output>
          </reporter-output>
        </test-method> <!-- tearDonw -->
        <test-method is-config="true" signature="start()[pri:0, instance:basics.BasicElementsOp@291ae]" started-at="2024-04-29T08:15:58 IST" name="start" finished-at="2024-04-29T08:16:03 IST" duration-ms="4950" status="PASS">
          <reporter-output>
          </reporter-output>
        </test-method> <!-- start -->
        <test-method signature="javaScriptPromtAlert()[pri:0, instance:basics.BasicElementsOp@291ae]" started-at="2024-04-29T08:16:03 IST" name="javaScriptPromtAlert" finished-at="2024-04-29T08:16:11 IST" duration-ms="8477" status="PASS">
          <reporter-output>
          </reporter-output>
        </test-method> <!-- javaScriptPromtAlert -->
        <test-method is-config="true" signature="tearDonw()[pri:0, instance:basics.BasicElementsOp@291ae]" started-at="2024-04-29T08:16:11 IST" name="tearDonw" finished-at="2024-04-29T08:16:11 IST" duration-ms="0" status="PASS">
          <reporter-output>
          </reporter-output>
        </test-method> <!-- tearDonw -->
      </class> <!-- basics.BasicElementsOp -->
    </test> <!-- Test -->
  </suite> <!-- Suite -->
</testng-results>
