<?xml version="1.0" encoding="UTF-8"?>
<testng-results ignored="0" total="1" passed="1" failed="0" skipped="0">
  <reporter-output>
  </reporter-output>
  <suite started-at="2025-01-15T10:32:12 IST" name="Default suite" finished-at="2025-01-15T10:32:22 IST" duration-ms="9716">
    <groups>
    </groups>
    <test started-at="2025-01-15T10:32:12 IST" name="Default test" finished-at="2025-01-15T10:32:22 IST" duration-ms="9716">
      <class name="basics.testCase.TestCase2">
        <test-method signature="titleOperations()[pri:0, instance:basics.testCase.TestCase2@647e447]" started-at="2025-01-15T10:32:12 IST" name="titleOperations" finished-at="2025-01-15T10:32:22 IST" duration-ms="9689" status="PASS">
          <reporter-output>
          </reporter-output>
        </test-method> <!-- titleOperations -->
      </class> <!-- basics.testCase.TestCase2 -->
    </test> <!-- Default test -->
  </suite> <!-- Default suite -->
</testng-results>
