<?xml version="1.0" encoding="UTF-8"?>
<!-- Generated by org.testng.reporters.JUnitReportReporter -->
<testsuite hostname="LAPTOP-MTU0R4K6" failures="0" tests="5" name="basics.BasicElementsOp" time="52.561" errors="0" timestamp="2024-04-29T08:16:11 IST" skipped="0">
  <testcase classname="basics.BasicElementsOp" name="getAlertText" time="8.701"/>
  <system-out/>
  <testcase classname="basics.BasicElementsOp" name="javaScriptConformationAlert" time="10.431"/>
  <system-out/>
  <testcase classname="basics.BasicElementsOp" name="javaScriptPromtAlert" time="13.367"/>
  <system-out/>
  <testcase classname="basics.BasicElementsOp" name="emailFormAlter" time="10.877"/>
  <system-out/>
  <testcase classname="basics.BasicElementsOp" name="handleAlert" time="9.185"/>
  <system-out/>
</testsuite> <!-- basics.BasicElementsOp -->
