<?xml version="1.0" encoding="UTF-8"?>
<!-- Generated by org.testng.reporters.JUnitReportReporter -->
<testsuite hostname="Khanderaos-MacBook-Pro.local" failures="0" tests="5" name="dataProvider.LoginTest" time="45.104" errors="0" timestamp="2024-10-18T16:02:47 IST" skipped="0">
  <testcase classname="dataProvider.LoginTest" name="doLogin" time="8.860"/>
  <system-out/>
  <testcase classname="dataProvider.LoginTest" name="doLogin" time="9.554"/>
  <system-out/>
  <testcase classname="dataProvider.LoginTest" name="doLogin" time="8.905"/>
  <system-out/>
  <testcase classname="dataProvider.LoginTest" name="doLogin" time="8.795"/>
  <system-out/>
  <testcase classname="dataProvider.LoginTest" name="doLogin" time="8.990"/>
  <system-out/>
</testsuite> <!-- dataProvider.LoginTest -->
